<?xml version="1.0" encoding="UTF-8"?>
<testng-results ignored="0" total="1" passed="1" failed="0" skipped="0">
  <reporter-output>
  </reporter-output>
  <suite started-at="2023-10-12T15:49:27 IST" name="test1" finished-at="2023-10-12T15:49:34 IST" duration-ms="6808">
    <groups>
    </groups>
    <test started-at="2023-10-12T15:49:27 IST" name="POMFramework" finished-at="2023-10-12T15:49:34 IST" duration-ms="6808">
      <class name="com.redbus.qa.TestPages.HomePageTest">
        <test-method is-config="true" signature="InitalizeExtentReport()[pri:0, instance:com.redbus.qa.TestPages.HomePageTest@17bffc17]" started-at="2023-10-12T15:49:27 IST" name="InitalizeExtentReport" finished-at="2023-10-12T15:49:27 IST" duration-ms="158" status="PASS">
          <reporter-output>
          </reporter-output>
        </test-method> <!-- InitalizeExtentReport -->
        <test-method is-config="true" signature="getnameMethod(org.testng.ITestContext)[pri:0, instance:com.redbus.qa.TestPages.HomePageTest@17bffc17]" started-at="2023-10-12T15:49:27 IST" name="getnameMethod" finished-at="2023-10-12T15:49:27 IST" duration-ms="0" status="PASS">
          <params>
            <param index="0">
              <value>
                <![CDATA[org.testng.TestRunner@756aadfc]]>
              </value>
            </param>
          </params>
          <reporter-output>
          </reporter-output>
        </test-method> <!-- getnameMethod -->
        <test-method is-config="true" signature="OpenApp()[pri:0, instance:com.redbus.qa.TestPages.HomePageTest@17bffc17]" started-at="2023-10-12T15:49:27 IST" name="OpenApp" finished-at="2023-10-12T15:49:32 IST" duration-ms="4480" status="PASS">
          <reporter-output>
          </reporter-output>
        </test-method> <!-- OpenApp -->
        <test-method signature="myaccountlink()[pri:0, instance:com.redbus.qa.TestPages.HomePageTest@17bffc17]" started-at="2023-10-12T15:49:32 IST" name="myaccountlink" finished-at="2023-10-12T15:49:34 IST" duration-ms="2130" status="PASS">
          <reporter-output>
          </reporter-output>
        </test-method> <!-- myaccountlink -->
        <test-method is-config="true" signature="CloseApp()[pri:0, instance:com.redbus.qa.TestPages.HomePageTest@17bffc17]" started-at="2023-10-12T15:49:34 IST" name="CloseApp" finished-at="2023-10-12T15:49:34 IST" duration-ms="167" status="PASS">
          <reporter-output>
          </reporter-output>
        </test-method> <!-- CloseApp -->
        <test-method is-config="true" signature="generateTestStatus(java.lang.reflect.Method,org.testng.ITestResult)[pri:0, instance:com.redbus.qa.TestPages.HomePageTest@17bffc17]" started-at="2023-10-12T15:49:34 IST" name="generateTestStatus" finished-at="2023-10-12T15:49:34 IST" duration-ms="0" status="PASS">
          <params>
            <param index="0">
              <value>
                <![CDATA[public void com.redbus.qa.TestPages.HomePageTest.myaccountlink() throws java.lang.InterruptedException]]>
              </value>
            </param>
            <param index="1">
              <value>
                <![CDATA[[TestResult name=myaccountlink status=SUCCESS method=HomePageTest.myaccountlink()[pri:0, instance:com.redbus.qa.TestPages.HomePageTest@17bffc17] output={null}]]]>
              </value>
            </param>
          </params>
          <reporter-output>
          </reporter-output>
        </test-method> <!-- generateTestStatus -->
        <test-method is-config="true" signature="generateReports()[pri:0, instance:com.redbus.qa.TestPages.HomePageTest@17bffc17]" started-at="2023-10-12T15:49:34 IST" name="generateReports" finished-at="2023-10-12T15:49:34 IST" duration-ms="426" status="PASS">
          <reporter-output>
          </reporter-output>
        </test-method> <!-- generateReports -->
      </class> <!-- com.redbus.qa.TestPages.HomePageTest -->
    </test> <!-- POMFramework -->
  </suite> <!-- test1 -->
</testng-results>
